<?xml version="1.0" encoding="UTF-8"?>
<!-- Generated by org.testng.reporters.JUnitXMLReporter -->
<testsuite ignored="1" hostname="LPCAIQ1348" failures="0" tests="1" name="Submit Order test2" time="7.382" errors="0" timestamp="2024-05-13T12:36:23 EEST">
  <testcase classname="org.example.Tests.CheckOutTest" name="submitOrderWithStreams" time="7.349"/>
  <testcase classname="org.example.Tests.CheckOutTest" name="submitOrderWithAxis" time="0.0">
    <ignored/>
  </testcase> <!-- submitOrderWithAxis -->
</testsuite> <!-- Submit Order test2 -->
